# JRE version: OpenJDK Runtime Environment AdoptOpenJDK (11.0.10+9) (build 11.0.10+9)
# Java VM: OpenJDK 64-Bit Server VM AdoptOpenJDK (11.0.10+9, mixed mode, tiered, compressed oops, g1 gc, linux-amd64)
Heap:
 garbage-first heap   total 307200K, used 22747K [0x0000000707000000, 0x0000000800000000)
  region size 1024K, 13 young (13312K), 8 survivors (8192K)
 Metaspace       used 34627K, capacity 35683K, committed 35840K, reserved 1081344K
  class space    used 3974K, capacity 4400K, committed 4480K, reserved 1048576K
GC Heap History (12 events):
Event: 0,798 GC heap before
{Heap before GC invocations=0 (full 0):
 garbage-first heap   total 256000K, used 24576K [0x0000000707000000, 0x0000000800000000)
  region size 1024K, 24 young (24576K), 0 survivors (0K)
 Metaspace       used 14518K, capacity 14909K, committed 15232K, reserved 1062912K
  class space    used 1429K, capacity 1542K, committed 1664K, reserved 1048576K
}
Event: 0,804 GC heap after
{Heap after GC invocations=1 (full 0):
 garbage-first heap   total 256000K, used 10310K [0x0000000707000000, 0x0000000800000000)
  region size 1024K, 3 young (3072K), 3 survivors (3072K)
 Metaspace       used 14518K, capacity 14909K, committed 15232K, reserved 1062912K
  class space    used 1429K, capacity 1542K, committed 1664K, reserved 1048576K
}
Event: 0,958 GC heap before
{Heap before GC invocations=1 (full 0):
 garbage-first heap   total 256000K, used 24646K [0x0000000707000000, 0x0000000800000000)
  region size 1024K, 17 young (17408K), 3 survivors (3072K)
 Metaspace       used 16401K, capacity 16893K, committed 17024K, reserved 1064960K
  class space    used 1682K, capacity 1847K, committed 1920K, reserved 1048576K
}
Event: 0,961 GC heap after
{Heap after GC invocations=2 (full 0):
 garbage-first heap   total 256000K, used 11141K [0x0000000707000000, 0x0000000800000000)
  region size 1024K, 1 young (1024K), 1 survivors (1024K)
 Metaspace       used 16401K, capacity 16893K, committed 17024K, reserved 1064960K
  class space    used 1682K, capacity 1847K, committed 1920K, reserved 1048576K
}
Event: 1,392 GC heap before
{Heap before GC invocations=2 (full 0):
 garbage-first heap   total 256000K, used 42885K [0x0000000707000000, 0x0000000800000000)
  region size 1024K, 33 young (33792K), 1 survivors (1024K)
 Metaspace       used 20467K, capacity 21114K, committed 21248K, reserved 1069056K
  class space    used 2230K, capacity 2490K, committed 2560K, reserved 1048576K
}
Event: 1,397 GC heap after
{Heap after GC invocations=3 (full 0):
 garbage-first heap   total 256000K, used 12415K [0x0000000707000000, 0x0000000800000000)
  region size 1024K, 2 young (2048K), 2 survivors (2048K)
 Metaspace       used 20467K, capacity 21114K, committed 21248K, reserved 1069056K
  class space    used 2230K, capacity 2490K, committed 2560K, reserved 1048576K
}
Event: 1,945 GC heap before
{Heap before GC invocations=4 (full 0):
 garbage-first heap   total 256000K, used 63615K [0x0000000707000000, 0x0000000800000000)
  region size 1024K, 52 young (53248K), 2 survivors (2048K)
 Metaspace       used 27557K, capacity 28381K, committed 28544K, reserved 1075200K
  class space    used 3116K, capacity 3424K, committed 3456K, reserved 1048576K
}
Event: 1,951 GC heap after
{Heap after GC invocations=5 (full 0):
 garbage-first heap   total 256000K, used 14317K [0x0000000707000000, 0x0000000800000000)
  region size 1024K, 4 young (4096K), 4 survivors (4096K)
 Metaspace       used 27557K, capacity 28381K, committed 28544K, reserved 1075200K
  class space    used 3116K, capacity 3424K, committed 3456K, reserved 1048576K
}
Event: 2,019 GC heap before
{Heap before GC invocations=5 (full 0):
 garbage-first heap   total 256000K, used 98285K [0x0000000707000000, 0x0000000800000000)
  region size 1024K, 87 young (89088K), 4 survivors (4096K)
 Metaspace       used 28482K, capacity 29311K, committed 29440K, reserved 1075200K
  class space    used 3191K, capacity 3522K, committed 3584K, reserved 1048576K
}
Event: 2,022 GC heap after
{Heap after GC invocations=6 (full 0):
 garbage-first heap   total 307200K, used 14660K [0x0000000707000000, 0x0000000800000000)
  region size 1024K, 5 young (5120K), 5 survivors (5120K)
 Metaspace       used 28482K, capacity 29311K, committed 29440K, reserved 1075200K
  class space    used 3191K, capacity 3522K, committed 3584K, reserved 1048576K
}
Event: 3,355 GC heap before
{Heap before GC invocations=6 (full 0):
 garbage-first heap   total 307200K, used 145732K [0x0000000707000000, 0x0000000800000000)
  region size 1024K, 133 young (136192K), 5 survivors (5120K)
 Metaspace       used 34120K, capacity 35147K, committed 35328K, reserved 1081344K
  class space    used 3904K, capacity 4294K, committed 4352K, reserved 1048576K
}
Event: 3,363 GC heap after
{Heap after GC invocations=7 (full 0):
 garbage-first heap   total 307200K, used 18651K [0x0000000707000000, 0x0000000800000000)
  region size 1024K, 8 young (8192K), 8 survivors (8192K)
 Metaspace       used 34120K, capacity 35147K, committed 35328K, reserved 1081344K
  class space    used 3904K, capacity 4294K, committed 4352K, reserved 1048576K
}

